Build started 18/03/2014 21:23:57.
     1>Project "C:\Users\forel_m\Documents\GitHub\microMachineCpp\MicroMachineMofos\MicroMachineMofos.vcxproj" on node 2 (Rebuild target(s)).
     1>ClCompile:
         D:\VisualStudio12\VC\bin\CL.exe /c /ZI /nologo /W3 /WX- /Od /Oy- /D _MBCS /Gm /EHsc /RTC1 /MDd /GS /fp:precise /Zc:wchar_t /Zc:forScope /Fo"Debug\\" /Fd"Debug\vc110.pdb" /Gd /TP /analyze- /errorReport:prompt main.cpp Map.cpp MicroMachine.cpp myException.cpp Power.cpp OutPut.cpp StartInstance.cpp TimeOut.cpp VirtualMachine.cpp
         VirtualMachine.cpp
         TimeOut.cpp
         StartInstance.cpp
         OutPut.cpp
         Power.cpp
     1>c:\users\forel_m\documents\github\micromachinecpp\micromachinemofos\power.cpp(26): warning C4244: 'argument' : conversion from 'time_t' to 'unsigned int', possible loss of data
         myException.cpp
         MicroMachine.cpp
         Map.cpp
         main.cpp
         Generating Code...
       Link:
         D:\VisualStudio12\VC\bin\link.exe /ERRORREPORT:PROMPT /OUT:"C:\Users\forel_m\Documents\GitHub\microMachineCpp\Debug\MicroMachineMofos.exe" /INCREMENTAL /NOLOGO kernel32.lib user32.lib gdi32.lib winspool.lib comdlg32.lib advapi32.lib shell32.lib ole32.lib oleaut32.lib uuid.lib odbc32.lib odbccp32.lib /MANIFEST /MANIFESTUAC:"level='asInvoker' uiAccess='false'" /manifest:embed /DEBUG /PDB:"C:\Users\forel_m\Documents\GitHub\microMachineCpp\Debug\MicroMachineMofos.pdb" /TLBID:1 /DYNAMICBASE /NXCOMPAT /IMPLIB:"C:\Users\forel_m\Documents\GitHub\microMachineCpp\Debug\MicroMachineMofos.lib" /MACHINE:X86 Debug\main.obj
         Debug\Map.obj
         Debug\MicroMachine.obj
         Debug\myException.obj
         Debug\Power.obj
         Debug\OutPut.obj
         Debug\StartInstance.obj
         Debug\TimeOut.obj
         Debug\VirtualMachine.obj
         MicroMachineMofos.vcxproj -> C:\Users\forel_m\Documents\GitHub\microMachineCpp\Debug\MicroMachineMofos.exe
     1>Done Building Project "C:\Users\forel_m\Documents\GitHub\microMachineCpp\MicroMachineMofos\MicroMachineMofos.vcxproj" (Rebuild target(s)).

Build succeeded.

Time Elapsed 00:00:07.42
